ARM GAS  /tmp/ccIf3diZ.s 			page 1


   1              		.cpu cortex-m4
   2              		.arch armv7e-m
   3              		.fpu fpv4-sp-d16
   4              		.eabi_attribute 27, 1
   5              		.eabi_attribute 28, 1
   6              		.eabi_attribute 20, 1
   7              		.eabi_attribute 21, 1
   8              		.eabi_attribute 23, 3
   9              		.eabi_attribute 24, 1
  10              		.eabi_attribute 25, 1
  11              		.eabi_attribute 26, 1
  12              		.eabi_attribute 30, 1
  13              		.eabi_attribute 34, 1
  14              		.eabi_attribute 18, 4
  15              		.file	"usart.c"
  16              		.text
  17              	.Ltext0:
  18              		.cfi_sections	.debug_frame
  19              		.file 1 "Core/Src/usart.c"
  20              		.section	.text.MX_USART1_UART_Init,"ax",%progbits
  21              		.align	1
  22              		.global	MX_USART1_UART_Init
  23              		.syntax unified
  24              		.thumb
  25              		.thumb_func
  27              	MX_USART1_UART_Init:
  28              	.LFB130:
   1:Core/Src/usart.c **** /* USER CODE BEGIN Header */
   2:Core/Src/usart.c **** /**
   3:Core/Src/usart.c ****   ******************************************************************************
   4:Core/Src/usart.c ****   * @file    usart.c
   5:Core/Src/usart.c ****   * @brief   This file provides code for the configuration
   6:Core/Src/usart.c ****   *          of the USART instances.
   7:Core/Src/usart.c ****   ******************************************************************************
   8:Core/Src/usart.c ****   * @attention
   9:Core/Src/usart.c ****   *
  10:Core/Src/usart.c ****   * Copyright (c) 2024 STMicroelectronics.
  11:Core/Src/usart.c ****   * All rights reserved.
  12:Core/Src/usart.c ****   *
  13:Core/Src/usart.c ****   * This software is licensed under terms that can be found in the LICENSE file
  14:Core/Src/usart.c ****   * in the root directory of this software component.
  15:Core/Src/usart.c ****   * If no LICENSE file comes with this software, it is provided AS-IS.
  16:Core/Src/usart.c ****   *
  17:Core/Src/usart.c ****   ******************************************************************************
  18:Core/Src/usart.c ****   */
  19:Core/Src/usart.c **** /* USER CODE END Header */
  20:Core/Src/usart.c **** /* Includes ------------------------------------------------------------------*/
  21:Core/Src/usart.c **** #include "usart.h"
  22:Core/Src/usart.c **** 
  23:Core/Src/usart.c **** /* USER CODE BEGIN 0 */
  24:Core/Src/usart.c **** 
  25:Core/Src/usart.c **** /* USER CODE END 0 */
  26:Core/Src/usart.c **** 
  27:Core/Src/usart.c **** UART_HandleTypeDef huart1;
  28:Core/Src/usart.c **** UART_HandleTypeDef huart6;
  29:Core/Src/usart.c **** DMA_HandleTypeDef hdma_usart1_rx;
  30:Core/Src/usart.c **** 
ARM GAS  /tmp/ccIf3diZ.s 			page 2


  31:Core/Src/usart.c **** /* USART1 init function */
  32:Core/Src/usart.c **** 
  33:Core/Src/usart.c **** void MX_USART1_UART_Init(void)
  34:Core/Src/usart.c **** {
  29              		.loc 1 34 1 view -0
  30              		.cfi_startproc
  31              		@ args = 0, pretend = 0, frame = 0
  32              		@ frame_needed = 0, uses_anonymous_args = 0
  33 0000 08B5     		push	{r3, lr}
  34              	.LCFI0:
  35              		.cfi_def_cfa_offset 8
  36              		.cfi_offset 3, -8
  37              		.cfi_offset 14, -4
  35:Core/Src/usart.c **** 
  36:Core/Src/usart.c ****   /* USER CODE BEGIN USART1_Init 0 */
  37:Core/Src/usart.c **** 
  38:Core/Src/usart.c ****   /* USER CODE END USART1_Init 0 */
  39:Core/Src/usart.c **** 
  40:Core/Src/usart.c ****   /* USER CODE BEGIN USART1_Init 1 */
  41:Core/Src/usart.c **** 
  42:Core/Src/usart.c ****   /* USER CODE END USART1_Init 1 */
  43:Core/Src/usart.c ****   huart1.Instance = USART1;
  38              		.loc 1 43 3 view .LVU1
  39              		.loc 1 43 19 is_stmt 0 view .LVU2
  40 0002 0C48     		ldr	r0, .L5
  41 0004 0C4B     		ldr	r3, .L5+4
  42 0006 0360     		str	r3, [r0]
  44:Core/Src/usart.c ****   huart1.Init.BaudRate = 100000;
  43              		.loc 1 44 3 is_stmt 1 view .LVU3
  44              		.loc 1 44 24 is_stmt 0 view .LVU4
  45 0008 0C4B     		ldr	r3, .L5+8
  46 000a 4360     		str	r3, [r0, #4]
  45:Core/Src/usart.c ****   huart1.Init.WordLength = UART_WORDLENGTH_9B;
  47              		.loc 1 45 3 is_stmt 1 view .LVU5
  48              		.loc 1 45 26 is_stmt 0 view .LVU6
  49 000c 4FF48053 		mov	r3, #4096
  50 0010 8360     		str	r3, [r0, #8]
  46:Core/Src/usart.c ****   huart1.Init.StopBits = UART_STOPBITS_1;
  51              		.loc 1 46 3 is_stmt 1 view .LVU7
  52              		.loc 1 46 24 is_stmt 0 view .LVU8
  53 0012 0023     		movs	r3, #0
  54 0014 C360     		str	r3, [r0, #12]
  47:Core/Src/usart.c ****   huart1.Init.Parity = UART_PARITY_EVEN;
  55              		.loc 1 47 3 is_stmt 1 view .LVU9
  56              		.loc 1 47 22 is_stmt 0 view .LVU10
  57 0016 4FF48062 		mov	r2, #1024
  58 001a 0261     		str	r2, [r0, #16]
  48:Core/Src/usart.c ****   huart1.Init.Mode = UART_MODE_TX_RX;
  59              		.loc 1 48 3 is_stmt 1 view .LVU11
  60              		.loc 1 48 20 is_stmt 0 view .LVU12
  61 001c 0C22     		movs	r2, #12
  62 001e 4261     		str	r2, [r0, #20]
  49:Core/Src/usart.c ****   huart1.Init.HwFlowCtl = UART_HWCONTROL_NONE;
  63              		.loc 1 49 3 is_stmt 1 view .LVU13
  64              		.loc 1 49 25 is_stmt 0 view .LVU14
  65 0020 8361     		str	r3, [r0, #24]
  50:Core/Src/usart.c ****   huart1.Init.OverSampling = UART_OVERSAMPLING_16;
ARM GAS  /tmp/ccIf3diZ.s 			page 3


  66              		.loc 1 50 3 is_stmt 1 view .LVU15
  67              		.loc 1 50 28 is_stmt 0 view .LVU16
  68 0022 C361     		str	r3, [r0, #28]
  51:Core/Src/usart.c ****   if (HAL_UART_Init(&huart1) != HAL_OK)
  69              		.loc 1 51 3 is_stmt 1 view .LVU17
  70              		.loc 1 51 7 is_stmt 0 view .LVU18
  71 0024 FFF7FEFF 		bl	HAL_UART_Init
  72              	.LVL0:
  73              		.loc 1 51 6 discriminator 1 view .LVU19
  74 0028 00B9     		cbnz	r0, .L4
  75              	.L1:
  52:Core/Src/usart.c ****   {
  53:Core/Src/usart.c ****     Error_Handler();
  54:Core/Src/usart.c ****   }
  55:Core/Src/usart.c ****   /* USER CODE BEGIN USART1_Init 2 */
  56:Core/Src/usart.c **** 
  57:Core/Src/usart.c ****   /* USER CODE END USART1_Init 2 */
  58:Core/Src/usart.c **** 
  59:Core/Src/usart.c **** }
  76              		.loc 1 59 1 view .LVU20
  77 002a 08BD     		pop	{r3, pc}
  78              	.L4:
  53:Core/Src/usart.c ****   }
  79              		.loc 1 53 5 is_stmt 1 view .LVU21
  80 002c FFF7FEFF 		bl	Error_Handler
  81              	.LVL1:
  82              		.loc 1 59 1 is_stmt 0 view .LVU22
  83 0030 FBE7     		b	.L1
  84              	.L6:
  85 0032 00BF     		.align	2
  86              	.L5:
  87 0034 00000000 		.word	huart1
  88 0038 00100140 		.word	1073811456
  89 003c A0860100 		.word	100000
  90              		.cfi_endproc
  91              	.LFE130:
  93              		.section	.text.MX_USART6_UART_Init,"ax",%progbits
  94              		.align	1
  95              		.global	MX_USART6_UART_Init
  96              		.syntax unified
  97              		.thumb
  98              		.thumb_func
 100              	MX_USART6_UART_Init:
 101              	.LFB131:
  60:Core/Src/usart.c **** /* USART6 init function */
  61:Core/Src/usart.c **** 
  62:Core/Src/usart.c **** void MX_USART6_UART_Init(void)
  63:Core/Src/usart.c **** {
 102              		.loc 1 63 1 is_stmt 1 view -0
 103              		.cfi_startproc
 104              		@ args = 0, pretend = 0, frame = 0
 105              		@ frame_needed = 0, uses_anonymous_args = 0
 106 0000 08B5     		push	{r3, lr}
 107              	.LCFI1:
 108              		.cfi_def_cfa_offset 8
 109              		.cfi_offset 3, -8
 110              		.cfi_offset 14, -4
ARM GAS  /tmp/ccIf3diZ.s 			page 4


  64:Core/Src/usart.c **** 
  65:Core/Src/usart.c ****   /* USER CODE BEGIN USART6_Init 0 */
  66:Core/Src/usart.c **** 
  67:Core/Src/usart.c ****   /* USER CODE END USART6_Init 0 */
  68:Core/Src/usart.c **** 
  69:Core/Src/usart.c ****   /* USER CODE BEGIN USART6_Init 1 */
  70:Core/Src/usart.c **** 
  71:Core/Src/usart.c ****   /* USER CODE END USART6_Init 1 */
  72:Core/Src/usart.c ****   huart6.Instance = USART6;
 111              		.loc 1 72 3 view .LVU24
 112              		.loc 1 72 19 is_stmt 0 view .LVU25
 113 0002 0A48     		ldr	r0, .L11
 114 0004 0A4B     		ldr	r3, .L11+4
 115 0006 0360     		str	r3, [r0]
  73:Core/Src/usart.c ****   huart6.Init.BaudRate = 115200;
 116              		.loc 1 73 3 is_stmt 1 view .LVU26
 117              		.loc 1 73 24 is_stmt 0 view .LVU27
 118 0008 4FF4E133 		mov	r3, #115200
 119 000c 4360     		str	r3, [r0, #4]
  74:Core/Src/usart.c ****   huart6.Init.WordLength = UART_WORDLENGTH_8B;
 120              		.loc 1 74 3 is_stmt 1 view .LVU28
 121              		.loc 1 74 26 is_stmt 0 view .LVU29
 122 000e 0023     		movs	r3, #0
 123 0010 8360     		str	r3, [r0, #8]
  75:Core/Src/usart.c ****   huart6.Init.StopBits = UART_STOPBITS_1;
 124              		.loc 1 75 3 is_stmt 1 view .LVU30
 125              		.loc 1 75 24 is_stmt 0 view .LVU31
 126 0012 C360     		str	r3, [r0, #12]
  76:Core/Src/usart.c ****   huart6.Init.Parity = UART_PARITY_NONE;
 127              		.loc 1 76 3 is_stmt 1 view .LVU32
 128              		.loc 1 76 22 is_stmt 0 view .LVU33
 129 0014 0361     		str	r3, [r0, #16]
  77:Core/Src/usart.c ****   huart6.Init.Mode = UART_MODE_TX_RX;
 130              		.loc 1 77 3 is_stmt 1 view .LVU34
 131              		.loc 1 77 20 is_stmt 0 view .LVU35
 132 0016 0C22     		movs	r2, #12
 133 0018 4261     		str	r2, [r0, #20]
  78:Core/Src/usart.c ****   huart6.Init.HwFlowCtl = UART_HWCONTROL_NONE;
 134              		.loc 1 78 3 is_stmt 1 view .LVU36
 135              		.loc 1 78 25 is_stmt 0 view .LVU37
 136 001a 8361     		str	r3, [r0, #24]
  79:Core/Src/usart.c ****   huart6.Init.OverSampling = UART_OVERSAMPLING_16;
 137              		.loc 1 79 3 is_stmt 1 view .LVU38
 138              		.loc 1 79 28 is_stmt 0 view .LVU39
 139 001c C361     		str	r3, [r0, #28]
  80:Core/Src/usart.c ****   if (HAL_UART_Init(&huart6) != HAL_OK)
 140              		.loc 1 80 3 is_stmt 1 view .LVU40
 141              		.loc 1 80 7 is_stmt 0 view .LVU41
 142 001e FFF7FEFF 		bl	HAL_UART_Init
 143              	.LVL2:
 144              		.loc 1 80 6 discriminator 1 view .LVU42
 145 0022 00B9     		cbnz	r0, .L10
 146              	.L7:
  81:Core/Src/usart.c ****   {
  82:Core/Src/usart.c ****     Error_Handler();
  83:Core/Src/usart.c ****   }
  84:Core/Src/usart.c ****   /* USER CODE BEGIN USART6_Init 2 */
ARM GAS  /tmp/ccIf3diZ.s 			page 5


  85:Core/Src/usart.c **** 
  86:Core/Src/usart.c ****   /* USER CODE END USART6_Init 2 */
  87:Core/Src/usart.c **** 
  88:Core/Src/usart.c **** }
 147              		.loc 1 88 1 view .LVU43
 148 0024 08BD     		pop	{r3, pc}
 149              	.L10:
  82:Core/Src/usart.c ****   }
 150              		.loc 1 82 5 is_stmt 1 view .LVU44
 151 0026 FFF7FEFF 		bl	Error_Handler
 152              	.LVL3:
 153              		.loc 1 88 1 is_stmt 0 view .LVU45
 154 002a FBE7     		b	.L7
 155              	.L12:
 156              		.align	2
 157              	.L11:
 158 002c 00000000 		.word	huart6
 159 0030 00140140 		.word	1073812480
 160              		.cfi_endproc
 161              	.LFE131:
 163              		.section	.text.HAL_UART_MspInit,"ax",%progbits
 164              		.align	1
 165              		.global	HAL_UART_MspInit
 166              		.syntax unified
 167              		.thumb
 168              		.thumb_func
 170              	HAL_UART_MspInit:
 171              	.LVL4:
 172              	.LFB132:
  89:Core/Src/usart.c **** 
  90:Core/Src/usart.c **** void HAL_UART_MspInit(UART_HandleTypeDef* uartHandle)
  91:Core/Src/usart.c **** {
 173              		.loc 1 91 1 is_stmt 1 view -0
 174              		.cfi_startproc
 175              		@ args = 0, pretend = 0, frame = 40
 176              		@ frame_needed = 0, uses_anonymous_args = 0
 177              		.loc 1 91 1 is_stmt 0 view .LVU47
 178 0000 30B5     		push	{r4, r5, lr}
 179              	.LCFI2:
 180              		.cfi_def_cfa_offset 12
 181              		.cfi_offset 4, -12
 182              		.cfi_offset 5, -8
 183              		.cfi_offset 14, -4
 184 0002 8BB0     		sub	sp, sp, #44
 185              	.LCFI3:
 186              		.cfi_def_cfa_offset 56
  92:Core/Src/usart.c **** 
  93:Core/Src/usart.c ****   GPIO_InitTypeDef GPIO_InitStruct = {0};
 187              		.loc 1 93 3 is_stmt 1 view .LVU48
 188              		.loc 1 93 20 is_stmt 0 view .LVU49
 189 0004 0023     		movs	r3, #0
 190 0006 0593     		str	r3, [sp, #20]
 191 0008 0693     		str	r3, [sp, #24]
 192 000a 0793     		str	r3, [sp, #28]
 193 000c 0893     		str	r3, [sp, #32]
 194 000e 0993     		str	r3, [sp, #36]
  94:Core/Src/usart.c ****   if(uartHandle->Instance==USART1)
ARM GAS  /tmp/ccIf3diZ.s 			page 6


 195              		.loc 1 94 3 is_stmt 1 view .LVU50
 196              		.loc 1 94 16 is_stmt 0 view .LVU51
 197 0010 0368     		ldr	r3, [r0]
 198              		.loc 1 94 5 view .LVU52
 199 0012 3D4A     		ldr	r2, .L21
 200 0014 9342     		cmp	r3, r2
 201 0016 04D0     		beq	.L18
  95:Core/Src/usart.c ****   {
  96:Core/Src/usart.c ****   /* USER CODE BEGIN USART1_MspInit 0 */
  97:Core/Src/usart.c **** 
  98:Core/Src/usart.c ****   /* USER CODE END USART1_MspInit 0 */
  99:Core/Src/usart.c ****     /* USART1 clock enable */
 100:Core/Src/usart.c ****     __HAL_RCC_USART1_CLK_ENABLE();
 101:Core/Src/usart.c **** 
 102:Core/Src/usart.c ****     __HAL_RCC_GPIOB_CLK_ENABLE();
 103:Core/Src/usart.c ****     /**USART1 GPIO Configuration
 104:Core/Src/usart.c ****     PB7     ------> USART1_RX
 105:Core/Src/usart.c ****     PB6     ------> USART1_TX
 106:Core/Src/usart.c ****     */
 107:Core/Src/usart.c ****     GPIO_InitStruct.Pin = GPIO_PIN_7|GPIO_PIN_6;
 108:Core/Src/usart.c ****     GPIO_InitStruct.Mode = GPIO_MODE_AF_PP;
 109:Core/Src/usart.c ****     GPIO_InitStruct.Pull = GPIO_NOPULL;
 110:Core/Src/usart.c ****     GPIO_InitStruct.Speed = GPIO_SPEED_FREQ_VERY_HIGH;
 111:Core/Src/usart.c ****     GPIO_InitStruct.Alternate = GPIO_AF7_USART1;
 112:Core/Src/usart.c ****     HAL_GPIO_Init(GPIOB, &GPIO_InitStruct);
 113:Core/Src/usart.c **** 
 114:Core/Src/usart.c ****     /* USART1 DMA Init */
 115:Core/Src/usart.c ****     /* USART1_RX Init */
 116:Core/Src/usart.c ****     hdma_usart1_rx.Instance = DMA2_Stream2;
 117:Core/Src/usart.c ****     hdma_usart1_rx.Init.Channel = DMA_CHANNEL_4;
 118:Core/Src/usart.c ****     hdma_usart1_rx.Init.Direction = DMA_PERIPH_TO_MEMORY;
 119:Core/Src/usart.c ****     hdma_usart1_rx.Init.PeriphInc = DMA_PINC_DISABLE;
 120:Core/Src/usart.c ****     hdma_usart1_rx.Init.MemInc = DMA_MINC_ENABLE;
 121:Core/Src/usart.c ****     hdma_usart1_rx.Init.PeriphDataAlignment = DMA_PDATAALIGN_BYTE;
 122:Core/Src/usart.c ****     hdma_usart1_rx.Init.MemDataAlignment = DMA_MDATAALIGN_BYTE;
 123:Core/Src/usart.c ****     hdma_usart1_rx.Init.Mode = DMA_CIRCULAR;
 124:Core/Src/usart.c ****     hdma_usart1_rx.Init.Priority = DMA_PRIORITY_LOW;
 125:Core/Src/usart.c ****     hdma_usart1_rx.Init.FIFOMode = DMA_FIFOMODE_DISABLE;
 126:Core/Src/usart.c ****     if (HAL_DMA_Init(&hdma_usart1_rx) != HAL_OK)
 127:Core/Src/usart.c ****     {
 128:Core/Src/usart.c ****       Error_Handler();
 129:Core/Src/usart.c ****     }
 130:Core/Src/usart.c **** 
 131:Core/Src/usart.c ****     __HAL_LINKDMA(uartHandle,hdmarx,hdma_usart1_rx);
 132:Core/Src/usart.c **** 
 133:Core/Src/usart.c ****     /* USART1 interrupt Init */
 134:Core/Src/usart.c ****     HAL_NVIC_SetPriority(USART1_IRQn, 0, 0);
 135:Core/Src/usart.c ****     HAL_NVIC_EnableIRQ(USART1_IRQn);
 136:Core/Src/usart.c ****   /* USER CODE BEGIN USART1_MspInit 1 */
 137:Core/Src/usart.c **** 
 138:Core/Src/usart.c ****   /* USER CODE END USART1_MspInit 1 */
 139:Core/Src/usart.c ****   }
 140:Core/Src/usart.c ****   else if(uartHandle->Instance==USART6)
 202              		.loc 1 140 8 is_stmt 1 view .LVU53
 203              		.loc 1 140 10 is_stmt 0 view .LVU54
 204 0018 3C4A     		ldr	r2, .L21+4
 205 001a 9342     		cmp	r3, r2
ARM GAS  /tmp/ccIf3diZ.s 			page 7


 206 001c 48D0     		beq	.L19
 207              	.LVL5:
 208              	.L13:
 141:Core/Src/usart.c ****   {
 142:Core/Src/usart.c ****   /* USER CODE BEGIN USART6_MspInit 0 */
 143:Core/Src/usart.c **** 
 144:Core/Src/usart.c ****   /* USER CODE END USART6_MspInit 0 */
 145:Core/Src/usart.c ****     /* USART6 clock enable */
 146:Core/Src/usart.c ****     __HAL_RCC_USART6_CLK_ENABLE();
 147:Core/Src/usart.c **** 
 148:Core/Src/usart.c ****     __HAL_RCC_GPIOG_CLK_ENABLE();
 149:Core/Src/usart.c ****     /**USART6 GPIO Configuration
 150:Core/Src/usart.c ****     PG14     ------> USART6_TX
 151:Core/Src/usart.c ****     PG9     ------> USART6_RX
 152:Core/Src/usart.c ****     */
 153:Core/Src/usart.c ****     GPIO_InitStruct.Pin = GPIO_PIN_14|GPIO_PIN_9;
 154:Core/Src/usart.c ****     GPIO_InitStruct.Mode = GPIO_MODE_AF_PP;
 155:Core/Src/usart.c ****     GPIO_InitStruct.Pull = GPIO_NOPULL;
 156:Core/Src/usart.c ****     GPIO_InitStruct.Speed = GPIO_SPEED_FREQ_VERY_HIGH;
 157:Core/Src/usart.c ****     GPIO_InitStruct.Alternate = GPIO_AF8_USART6;
 158:Core/Src/usart.c ****     HAL_GPIO_Init(GPIOG, &GPIO_InitStruct);
 159:Core/Src/usart.c **** 
 160:Core/Src/usart.c ****     /* USART6 interrupt Init */
 161:Core/Src/usart.c ****     HAL_NVIC_SetPriority(USART6_IRQn, 0, 0);
 162:Core/Src/usart.c ****     HAL_NVIC_EnableIRQ(USART6_IRQn);
 163:Core/Src/usart.c ****   /* USER CODE BEGIN USART6_MspInit 1 */
 164:Core/Src/usart.c **** 
 165:Core/Src/usart.c ****   /* USER CODE END USART6_MspInit 1 */
 166:Core/Src/usart.c ****   }
 167:Core/Src/usart.c **** }
 209              		.loc 1 167 1 view .LVU55
 210 001e 0BB0     		add	sp, sp, #44
 211              	.LCFI4:
 212              		.cfi_remember_state
 213              		.cfi_def_cfa_offset 12
 214              		@ sp needed
 215 0020 30BD     		pop	{r4, r5, pc}
 216              	.LVL6:
 217              	.L18:
 218              	.LCFI5:
 219              		.cfi_restore_state
 220              		.loc 1 167 1 view .LVU56
 221 0022 0446     		mov	r4, r0
 100:Core/Src/usart.c **** 
 222              		.loc 1 100 5 is_stmt 1 view .LVU57
 223              	.LBB2:
 100:Core/Src/usart.c **** 
 224              		.loc 1 100 5 view .LVU58
 225 0024 0025     		movs	r5, #0
 226 0026 0195     		str	r5, [sp, #4]
 100:Core/Src/usart.c **** 
 227              		.loc 1 100 5 view .LVU59
 228 0028 394B     		ldr	r3, .L21+8
 229 002a 5A6C     		ldr	r2, [r3, #68]
 230 002c 42F01002 		orr	r2, r2, #16
 231 0030 5A64     		str	r2, [r3, #68]
 100:Core/Src/usart.c **** 
ARM GAS  /tmp/ccIf3diZ.s 			page 8


 232              		.loc 1 100 5 view .LVU60
 233 0032 5A6C     		ldr	r2, [r3, #68]
 234 0034 02F01002 		and	r2, r2, #16
 235 0038 0192     		str	r2, [sp, #4]
 100:Core/Src/usart.c **** 
 236              		.loc 1 100 5 view .LVU61
 237 003a 019A     		ldr	r2, [sp, #4]
 238              	.LBE2:
 100:Core/Src/usart.c **** 
 239              		.loc 1 100 5 view .LVU62
 102:Core/Src/usart.c ****     /**USART1 GPIO Configuration
 240              		.loc 1 102 5 view .LVU63
 241              	.LBB3:
 102:Core/Src/usart.c ****     /**USART1 GPIO Configuration
 242              		.loc 1 102 5 view .LVU64
 243 003c 0295     		str	r5, [sp, #8]
 102:Core/Src/usart.c ****     /**USART1 GPIO Configuration
 244              		.loc 1 102 5 view .LVU65
 245 003e 1A6B     		ldr	r2, [r3, #48]
 246 0040 42F00202 		orr	r2, r2, #2
 247 0044 1A63     		str	r2, [r3, #48]
 102:Core/Src/usart.c ****     /**USART1 GPIO Configuration
 248              		.loc 1 102 5 view .LVU66
 249 0046 1B6B     		ldr	r3, [r3, #48]
 250 0048 03F00203 		and	r3, r3, #2
 251 004c 0293     		str	r3, [sp, #8]
 102:Core/Src/usart.c ****     /**USART1 GPIO Configuration
 252              		.loc 1 102 5 view .LVU67
 253 004e 029B     		ldr	r3, [sp, #8]
 254              	.LBE3:
 102:Core/Src/usart.c ****     /**USART1 GPIO Configuration
 255              		.loc 1 102 5 view .LVU68
 107:Core/Src/usart.c ****     GPIO_InitStruct.Mode = GPIO_MODE_AF_PP;
 256              		.loc 1 107 5 view .LVU69
 107:Core/Src/usart.c ****     GPIO_InitStruct.Mode = GPIO_MODE_AF_PP;
 257              		.loc 1 107 25 is_stmt 0 view .LVU70
 258 0050 C023     		movs	r3, #192
 259 0052 0593     		str	r3, [sp, #20]
 108:Core/Src/usart.c ****     GPIO_InitStruct.Pull = GPIO_NOPULL;
 260              		.loc 1 108 5 is_stmt 1 view .LVU71
 108:Core/Src/usart.c ****     GPIO_InitStruct.Pull = GPIO_NOPULL;
 261              		.loc 1 108 26 is_stmt 0 view .LVU72
 262 0054 0223     		movs	r3, #2
 263 0056 0693     		str	r3, [sp, #24]
 109:Core/Src/usart.c ****     GPIO_InitStruct.Speed = GPIO_SPEED_FREQ_VERY_HIGH;
 264              		.loc 1 109 5 is_stmt 1 view .LVU73
 110:Core/Src/usart.c ****     GPIO_InitStruct.Alternate = GPIO_AF7_USART1;
 265              		.loc 1 110 5 view .LVU74
 110:Core/Src/usart.c ****     GPIO_InitStruct.Alternate = GPIO_AF7_USART1;
 266              		.loc 1 110 27 is_stmt 0 view .LVU75
 267 0058 0323     		movs	r3, #3
 268 005a 0893     		str	r3, [sp, #32]
 111:Core/Src/usart.c ****     HAL_GPIO_Init(GPIOB, &GPIO_InitStruct);
 269              		.loc 1 111 5 is_stmt 1 view .LVU76
 111:Core/Src/usart.c ****     HAL_GPIO_Init(GPIOB, &GPIO_InitStruct);
 270              		.loc 1 111 31 is_stmt 0 view .LVU77
 271 005c 0723     		movs	r3, #7
ARM GAS  /tmp/ccIf3diZ.s 			page 9


 272 005e 0993     		str	r3, [sp, #36]
 112:Core/Src/usart.c **** 
 273              		.loc 1 112 5 is_stmt 1 view .LVU78
 274 0060 05A9     		add	r1, sp, #20
 275 0062 2C48     		ldr	r0, .L21+12
 276              	.LVL7:
 112:Core/Src/usart.c **** 
 277              		.loc 1 112 5 is_stmt 0 view .LVU79
 278 0064 FFF7FEFF 		bl	HAL_GPIO_Init
 279              	.LVL8:
 116:Core/Src/usart.c ****     hdma_usart1_rx.Init.Channel = DMA_CHANNEL_4;
 280              		.loc 1 116 5 is_stmt 1 view .LVU80
 116:Core/Src/usart.c ****     hdma_usart1_rx.Init.Channel = DMA_CHANNEL_4;
 281              		.loc 1 116 29 is_stmt 0 view .LVU81
 282 0068 2B48     		ldr	r0, .L21+16
 283 006a 2C4B     		ldr	r3, .L21+20
 284 006c 0360     		str	r3, [r0]
 117:Core/Src/usart.c ****     hdma_usart1_rx.Init.Direction = DMA_PERIPH_TO_MEMORY;
 285              		.loc 1 117 5 is_stmt 1 view .LVU82
 117:Core/Src/usart.c ****     hdma_usart1_rx.Init.Direction = DMA_PERIPH_TO_MEMORY;
 286              		.loc 1 117 33 is_stmt 0 view .LVU83
 287 006e 4FF00063 		mov	r3, #134217728
 288 0072 4360     		str	r3, [r0, #4]
 118:Core/Src/usart.c ****     hdma_usart1_rx.Init.PeriphInc = DMA_PINC_DISABLE;
 289              		.loc 1 118 5 is_stmt 1 view .LVU84
 118:Core/Src/usart.c ****     hdma_usart1_rx.Init.PeriphInc = DMA_PINC_DISABLE;
 290              		.loc 1 118 35 is_stmt 0 view .LVU85
 291 0074 8560     		str	r5, [r0, #8]
 119:Core/Src/usart.c ****     hdma_usart1_rx.Init.MemInc = DMA_MINC_ENABLE;
 292              		.loc 1 119 5 is_stmt 1 view .LVU86
 119:Core/Src/usart.c ****     hdma_usart1_rx.Init.MemInc = DMA_MINC_ENABLE;
 293              		.loc 1 119 35 is_stmt 0 view .LVU87
 294 0076 C560     		str	r5, [r0, #12]
 120:Core/Src/usart.c ****     hdma_usart1_rx.Init.PeriphDataAlignment = DMA_PDATAALIGN_BYTE;
 295              		.loc 1 120 5 is_stmt 1 view .LVU88
 120:Core/Src/usart.c ****     hdma_usart1_rx.Init.PeriphDataAlignment = DMA_PDATAALIGN_BYTE;
 296              		.loc 1 120 32 is_stmt 0 view .LVU89
 297 0078 4FF48063 		mov	r3, #1024
 298 007c 0361     		str	r3, [r0, #16]
 121:Core/Src/usart.c ****     hdma_usart1_rx.Init.MemDataAlignment = DMA_MDATAALIGN_BYTE;
 299              		.loc 1 121 5 is_stmt 1 view .LVU90
 121:Core/Src/usart.c ****     hdma_usart1_rx.Init.MemDataAlignment = DMA_MDATAALIGN_BYTE;
 300              		.loc 1 121 45 is_stmt 0 view .LVU91
 301 007e 4561     		str	r5, [r0, #20]
 122:Core/Src/usart.c ****     hdma_usart1_rx.Init.Mode = DMA_CIRCULAR;
 302              		.loc 1 122 5 is_stmt 1 view .LVU92
 122:Core/Src/usart.c ****     hdma_usart1_rx.Init.Mode = DMA_CIRCULAR;
 303              		.loc 1 122 42 is_stmt 0 view .LVU93
 304 0080 8561     		str	r5, [r0, #24]
 123:Core/Src/usart.c ****     hdma_usart1_rx.Init.Priority = DMA_PRIORITY_LOW;
 305              		.loc 1 123 5 is_stmt 1 view .LVU94
 123:Core/Src/usart.c ****     hdma_usart1_rx.Init.Priority = DMA_PRIORITY_LOW;
 306              		.loc 1 123 30 is_stmt 0 view .LVU95
 307 0082 4FF48073 		mov	r3, #256
 308 0086 C361     		str	r3, [r0, #28]
 124:Core/Src/usart.c ****     hdma_usart1_rx.Init.FIFOMode = DMA_FIFOMODE_DISABLE;
 309              		.loc 1 124 5 is_stmt 1 view .LVU96
ARM GAS  /tmp/ccIf3diZ.s 			page 10


 124:Core/Src/usart.c ****     hdma_usart1_rx.Init.FIFOMode = DMA_FIFOMODE_DISABLE;
 310              		.loc 1 124 34 is_stmt 0 view .LVU97
 311 0088 0562     		str	r5, [r0, #32]
 125:Core/Src/usart.c ****     if (HAL_DMA_Init(&hdma_usart1_rx) != HAL_OK)
 312              		.loc 1 125 5 is_stmt 1 view .LVU98
 125:Core/Src/usart.c ****     if (HAL_DMA_Init(&hdma_usart1_rx) != HAL_OK)
 313              		.loc 1 125 34 is_stmt 0 view .LVU99
 314 008a 4562     		str	r5, [r0, #36]
 126:Core/Src/usart.c ****     {
 315              		.loc 1 126 5 is_stmt 1 view .LVU100
 126:Core/Src/usart.c ****     {
 316              		.loc 1 126 9 is_stmt 0 view .LVU101
 317 008c FFF7FEFF 		bl	HAL_DMA_Init
 318              	.LVL9:
 126:Core/Src/usart.c ****     {
 319              		.loc 1 126 8 discriminator 1 view .LVU102
 320 0090 58B9     		cbnz	r0, .L20
 321              	.L15:
 131:Core/Src/usart.c **** 
 322              		.loc 1 131 5 is_stmt 1 view .LVU103
 131:Core/Src/usart.c **** 
 323              		.loc 1 131 5 view .LVU104
 324 0092 214B     		ldr	r3, .L21+16
 325 0094 A363     		str	r3, [r4, #56]
 131:Core/Src/usart.c **** 
 326              		.loc 1 131 5 view .LVU105
 327 0096 9C63     		str	r4, [r3, #56]
 131:Core/Src/usart.c **** 
 328              		.loc 1 131 5 view .LVU106
 134:Core/Src/usart.c ****     HAL_NVIC_EnableIRQ(USART1_IRQn);
 329              		.loc 1 134 5 view .LVU107
 330 0098 0022     		movs	r2, #0
 331 009a 1146     		mov	r1, r2
 332 009c 2520     		movs	r0, #37
 333 009e FFF7FEFF 		bl	HAL_NVIC_SetPriority
 334              	.LVL10:
 135:Core/Src/usart.c ****   /* USER CODE BEGIN USART1_MspInit 1 */
 335              		.loc 1 135 5 view .LVU108
 336 00a2 2520     		movs	r0, #37
 337 00a4 FFF7FEFF 		bl	HAL_NVIC_EnableIRQ
 338              	.LVL11:
 339 00a8 B9E7     		b	.L13
 340              	.L20:
 128:Core/Src/usart.c ****     }
 341              		.loc 1 128 7 view .LVU109
 342 00aa FFF7FEFF 		bl	Error_Handler
 343              	.LVL12:
 344 00ae F0E7     		b	.L15
 345              	.LVL13:
 346              	.L19:
 146:Core/Src/usart.c **** 
 347              		.loc 1 146 5 view .LVU110
 348              	.LBB4:
 146:Core/Src/usart.c **** 
 349              		.loc 1 146 5 view .LVU111
 350 00b0 0024     		movs	r4, #0
 351 00b2 0394     		str	r4, [sp, #12]
ARM GAS  /tmp/ccIf3diZ.s 			page 11


 146:Core/Src/usart.c **** 
 352              		.loc 1 146 5 view .LVU112
 353 00b4 164B     		ldr	r3, .L21+8
 354 00b6 5A6C     		ldr	r2, [r3, #68]
 355 00b8 42F02002 		orr	r2, r2, #32
 356 00bc 5A64     		str	r2, [r3, #68]
 146:Core/Src/usart.c **** 
 357              		.loc 1 146 5 view .LVU113
 358 00be 5A6C     		ldr	r2, [r3, #68]
 359 00c0 02F02002 		and	r2, r2, #32
 360 00c4 0392     		str	r2, [sp, #12]
 146:Core/Src/usart.c **** 
 361              		.loc 1 146 5 view .LVU114
 362 00c6 039A     		ldr	r2, [sp, #12]
 363              	.LBE4:
 146:Core/Src/usart.c **** 
 364              		.loc 1 146 5 view .LVU115
 148:Core/Src/usart.c ****     /**USART6 GPIO Configuration
 365              		.loc 1 148 5 view .LVU116
 366              	.LBB5:
 148:Core/Src/usart.c ****     /**USART6 GPIO Configuration
 367              		.loc 1 148 5 view .LVU117
 368 00c8 0494     		str	r4, [sp, #16]
 148:Core/Src/usart.c ****     /**USART6 GPIO Configuration
 369              		.loc 1 148 5 view .LVU118
 370 00ca 1A6B     		ldr	r2, [r3, #48]
 371 00cc 42F04002 		orr	r2, r2, #64
 372 00d0 1A63     		str	r2, [r3, #48]
 148:Core/Src/usart.c ****     /**USART6 GPIO Configuration
 373              		.loc 1 148 5 view .LVU119
 374 00d2 1B6B     		ldr	r3, [r3, #48]
 375 00d4 03F04003 		and	r3, r3, #64
 376 00d8 0493     		str	r3, [sp, #16]
 148:Core/Src/usart.c ****     /**USART6 GPIO Configuration
 377              		.loc 1 148 5 view .LVU120
 378 00da 049B     		ldr	r3, [sp, #16]
 379              	.LBE5:
 148:Core/Src/usart.c ****     /**USART6 GPIO Configuration
 380              		.loc 1 148 5 view .LVU121
 153:Core/Src/usart.c ****     GPIO_InitStruct.Mode = GPIO_MODE_AF_PP;
 381              		.loc 1 153 5 view .LVU122
 153:Core/Src/usart.c ****     GPIO_InitStruct.Mode = GPIO_MODE_AF_PP;
 382              		.loc 1 153 25 is_stmt 0 view .LVU123
 383 00dc 4FF48443 		mov	r3, #16896
 384 00e0 0593     		str	r3, [sp, #20]
 154:Core/Src/usart.c ****     GPIO_InitStruct.Pull = GPIO_NOPULL;
 385              		.loc 1 154 5 is_stmt 1 view .LVU124
 154:Core/Src/usart.c ****     GPIO_InitStruct.Pull = GPIO_NOPULL;
 386              		.loc 1 154 26 is_stmt 0 view .LVU125
 387 00e2 0223     		movs	r3, #2
 388 00e4 0693     		str	r3, [sp, #24]
 155:Core/Src/usart.c ****     GPIO_InitStruct.Speed = GPIO_SPEED_FREQ_VERY_HIGH;
 389              		.loc 1 155 5 is_stmt 1 view .LVU126
 156:Core/Src/usart.c ****     GPIO_InitStruct.Alternate = GPIO_AF8_USART6;
 390              		.loc 1 156 5 view .LVU127
 156:Core/Src/usart.c ****     GPIO_InitStruct.Alternate = GPIO_AF8_USART6;
 391              		.loc 1 156 27 is_stmt 0 view .LVU128
ARM GAS  /tmp/ccIf3diZ.s 			page 12


 392 00e6 0323     		movs	r3, #3
 393 00e8 0893     		str	r3, [sp, #32]
 157:Core/Src/usart.c ****     HAL_GPIO_Init(GPIOG, &GPIO_InitStruct);
 394              		.loc 1 157 5 is_stmt 1 view .LVU129
 157:Core/Src/usart.c ****     HAL_GPIO_Init(GPIOG, &GPIO_InitStruct);
 395              		.loc 1 157 31 is_stmt 0 view .LVU130
 396 00ea 0823     		movs	r3, #8
 397 00ec 0993     		str	r3, [sp, #36]
 158:Core/Src/usart.c **** 
 398              		.loc 1 158 5 is_stmt 1 view .LVU131
 399 00ee 05A9     		add	r1, sp, #20
 400 00f0 0B48     		ldr	r0, .L21+24
 401              	.LVL14:
 158:Core/Src/usart.c **** 
 402              		.loc 1 158 5 is_stmt 0 view .LVU132
 403 00f2 FFF7FEFF 		bl	HAL_GPIO_Init
 404              	.LVL15:
 161:Core/Src/usart.c ****     HAL_NVIC_EnableIRQ(USART6_IRQn);
 405              		.loc 1 161 5 is_stmt 1 view .LVU133
 406 00f6 2246     		mov	r2, r4
 407 00f8 2146     		mov	r1, r4
 408 00fa 4720     		movs	r0, #71
 409 00fc FFF7FEFF 		bl	HAL_NVIC_SetPriority
 410              	.LVL16:
 162:Core/Src/usart.c ****   /* USER CODE BEGIN USART6_MspInit 1 */
 411              		.loc 1 162 5 view .LVU134
 412 0100 4720     		movs	r0, #71
 413 0102 FFF7FEFF 		bl	HAL_NVIC_EnableIRQ
 414              	.LVL17:
 415              		.loc 1 167 1 is_stmt 0 view .LVU135
 416 0106 8AE7     		b	.L13
 417              	.L22:
 418              		.align	2
 419              	.L21:
 420 0108 00100140 		.word	1073811456
 421 010c 00140140 		.word	1073812480
 422 0110 00380240 		.word	1073887232
 423 0114 00040240 		.word	1073873920
 424 0118 00000000 		.word	hdma_usart1_rx
 425 011c 40640240 		.word	1073898560
 426 0120 00180240 		.word	1073879040
 427              		.cfi_endproc
 428              	.LFE132:
 430              		.section	.text.HAL_UART_MspDeInit,"ax",%progbits
 431              		.align	1
 432              		.global	HAL_UART_MspDeInit
 433              		.syntax unified
 434              		.thumb
 435              		.thumb_func
 437              	HAL_UART_MspDeInit:
 438              	.LVL18:
 439              	.LFB133:
 168:Core/Src/usart.c **** 
 169:Core/Src/usart.c **** void HAL_UART_MspDeInit(UART_HandleTypeDef* uartHandle)
 170:Core/Src/usart.c **** {
 440              		.loc 1 170 1 is_stmt 1 view -0
 441              		.cfi_startproc
ARM GAS  /tmp/ccIf3diZ.s 			page 13


 442              		@ args = 0, pretend = 0, frame = 0
 443              		@ frame_needed = 0, uses_anonymous_args = 0
 444              		.loc 1 170 1 is_stmt 0 view .LVU137
 445 0000 10B5     		push	{r4, lr}
 446              	.LCFI6:
 447              		.cfi_def_cfa_offset 8
 448              		.cfi_offset 4, -8
 449              		.cfi_offset 14, -4
 171:Core/Src/usart.c **** 
 172:Core/Src/usart.c ****   if(uartHandle->Instance==USART1)
 450              		.loc 1 172 3 is_stmt 1 view .LVU138
 451              		.loc 1 172 16 is_stmt 0 view .LVU139
 452 0002 0368     		ldr	r3, [r0]
 453              		.loc 1 172 5 view .LVU140
 454 0004 134A     		ldr	r2, .L29
 455 0006 9342     		cmp	r3, r2
 456 0008 03D0     		beq	.L27
 173:Core/Src/usart.c ****   {
 174:Core/Src/usart.c ****   /* USER CODE BEGIN USART1_MspDeInit 0 */
 175:Core/Src/usart.c **** 
 176:Core/Src/usart.c ****   /* USER CODE END USART1_MspDeInit 0 */
 177:Core/Src/usart.c ****     /* Peripheral clock disable */
 178:Core/Src/usart.c ****     __HAL_RCC_USART1_CLK_DISABLE();
 179:Core/Src/usart.c **** 
 180:Core/Src/usart.c ****     /**USART1 GPIO Configuration
 181:Core/Src/usart.c ****     PB7     ------> USART1_RX
 182:Core/Src/usart.c ****     PB6     ------> USART1_TX
 183:Core/Src/usart.c ****     */
 184:Core/Src/usart.c ****     HAL_GPIO_DeInit(GPIOB, GPIO_PIN_7|GPIO_PIN_6);
 185:Core/Src/usart.c **** 
 186:Core/Src/usart.c ****     /* USART1 DMA DeInit */
 187:Core/Src/usart.c ****     HAL_DMA_DeInit(uartHandle->hdmarx);
 188:Core/Src/usart.c **** 
 189:Core/Src/usart.c ****     /* USART1 interrupt Deinit */
 190:Core/Src/usart.c ****     HAL_NVIC_DisableIRQ(USART1_IRQn);
 191:Core/Src/usart.c ****   /* USER CODE BEGIN USART1_MspDeInit 1 */
 192:Core/Src/usart.c **** 
 193:Core/Src/usart.c ****   /* USER CODE END USART1_MspDeInit 1 */
 194:Core/Src/usart.c ****   }
 195:Core/Src/usart.c ****   else if(uartHandle->Instance==USART6)
 457              		.loc 1 195 8 is_stmt 1 view .LVU141
 458              		.loc 1 195 10 is_stmt 0 view .LVU142
 459 000a 134A     		ldr	r2, .L29+4
 460 000c 9342     		cmp	r3, r2
 461 000e 12D0     		beq	.L28
 462              	.LVL19:
 463              	.L23:
 196:Core/Src/usart.c ****   {
 197:Core/Src/usart.c ****   /* USER CODE BEGIN USART6_MspDeInit 0 */
 198:Core/Src/usart.c **** 
 199:Core/Src/usart.c ****   /* USER CODE END USART6_MspDeInit 0 */
 200:Core/Src/usart.c ****     /* Peripheral clock disable */
 201:Core/Src/usart.c ****     __HAL_RCC_USART6_CLK_DISABLE();
 202:Core/Src/usart.c **** 
 203:Core/Src/usart.c ****     /**USART6 GPIO Configuration
 204:Core/Src/usart.c ****     PG14     ------> USART6_TX
 205:Core/Src/usart.c ****     PG9     ------> USART6_RX
ARM GAS  /tmp/ccIf3diZ.s 			page 14


 206:Core/Src/usart.c ****     */
 207:Core/Src/usart.c ****     HAL_GPIO_DeInit(GPIOG, GPIO_PIN_14|GPIO_PIN_9);
 208:Core/Src/usart.c **** 
 209:Core/Src/usart.c ****     /* USART6 interrupt Deinit */
 210:Core/Src/usart.c ****     HAL_NVIC_DisableIRQ(USART6_IRQn);
 211:Core/Src/usart.c ****   /* USER CODE BEGIN USART6_MspDeInit 1 */
 212:Core/Src/usart.c **** 
 213:Core/Src/usart.c ****   /* USER CODE END USART6_MspDeInit 1 */
 214:Core/Src/usart.c ****   }
 215:Core/Src/usart.c **** }
 464              		.loc 1 215 1 view .LVU143
 465 0010 10BD     		pop	{r4, pc}
 466              	.LVL20:
 467              	.L27:
 468              		.loc 1 215 1 view .LVU144
 469 0012 0446     		mov	r4, r0
 178:Core/Src/usart.c **** 
 470              		.loc 1 178 5 is_stmt 1 view .LVU145
 471 0014 02F59432 		add	r2, r2, #75776
 472 0018 536C     		ldr	r3, [r2, #68]
 473 001a 23F01003 		bic	r3, r3, #16
 474 001e 5364     		str	r3, [r2, #68]
 184:Core/Src/usart.c **** 
 475              		.loc 1 184 5 view .LVU146
 476 0020 C021     		movs	r1, #192
 477 0022 0E48     		ldr	r0, .L29+8
 478              	.LVL21:
 184:Core/Src/usart.c **** 
 479              		.loc 1 184 5 is_stmt 0 view .LVU147
 480 0024 FFF7FEFF 		bl	HAL_GPIO_DeInit
 481              	.LVL22:
 187:Core/Src/usart.c **** 
 482              		.loc 1 187 5 is_stmt 1 view .LVU148
 483 0028 A06B     		ldr	r0, [r4, #56]
 484 002a FFF7FEFF 		bl	HAL_DMA_DeInit
 485              	.LVL23:
 190:Core/Src/usart.c ****   /* USER CODE BEGIN USART1_MspDeInit 1 */
 486              		.loc 1 190 5 view .LVU149
 487 002e 2520     		movs	r0, #37
 488 0030 FFF7FEFF 		bl	HAL_NVIC_DisableIRQ
 489              	.LVL24:
 490 0034 ECE7     		b	.L23
 491              	.LVL25:
 492              	.L28:
 201:Core/Src/usart.c **** 
 493              		.loc 1 201 5 view .LVU150
 494 0036 02F59232 		add	r2, r2, #74752
 495 003a 536C     		ldr	r3, [r2, #68]
 496 003c 23F02003 		bic	r3, r3, #32
 497 0040 5364     		str	r3, [r2, #68]
 207:Core/Src/usart.c **** 
 498              		.loc 1 207 5 view .LVU151
 499 0042 4FF48441 		mov	r1, #16896
 500 0046 0648     		ldr	r0, .L29+12
 501              	.LVL26:
 207:Core/Src/usart.c **** 
 502              		.loc 1 207 5 is_stmt 0 view .LVU152
ARM GAS  /tmp/ccIf3diZ.s 			page 15


 503 0048 FFF7FEFF 		bl	HAL_GPIO_DeInit
 504              	.LVL27:
 210:Core/Src/usart.c ****   /* USER CODE BEGIN USART6_MspDeInit 1 */
 505              		.loc 1 210 5 is_stmt 1 view .LVU153
 506 004c 4720     		movs	r0, #71
 507 004e FFF7FEFF 		bl	HAL_NVIC_DisableIRQ
 508              	.LVL28:
 509              		.loc 1 215 1 is_stmt 0 view .LVU154
 510 0052 DDE7     		b	.L23
 511              	.L30:
 512              		.align	2
 513              	.L29:
 514 0054 00100140 		.word	1073811456
 515 0058 00140140 		.word	1073812480
 516 005c 00040240 		.word	1073873920
 517 0060 00180240 		.word	1073879040
 518              		.cfi_endproc
 519              	.LFE133:
 521              		.global	hdma_usart1_rx
 522              		.section	.bss.hdma_usart1_rx,"aw",%nobits
 523              		.align	2
 526              	hdma_usart1_rx:
 527 0000 00000000 		.space	96
 527      00000000 
 527      00000000 
 527      00000000 
 527      00000000 
 528              		.global	huart6
 529              		.section	.bss.huart6,"aw",%nobits
 530              		.align	2
 533              	huart6:
 534 0000 00000000 		.space	68
 534      00000000 
 534      00000000 
 534      00000000 
 534      00000000 
 535              		.global	huart1
 536              		.section	.bss.huart1,"aw",%nobits
 537              		.align	2
 540              	huart1:
 541 0000 00000000 		.space	68
 541      00000000 
 541      00000000 
 541      00000000 
 541      00000000 
 542              		.text
 543              	.Letext0:
 544              		.file 2 "Drivers/CMSIS/Device/ST/STM32F4xx/Include/stm32f427xx.h"
 545              		.file 3 "/home/mondrian/opt/arm-gnu-toolchain-13.2.Rel1-x86_64-arm-none-eabi/arm-none-eabi/include
 546              		.file 4 "/home/mondrian/opt/arm-gnu-toolchain-13.2.Rel1-x86_64-arm-none-eabi/arm-none-eabi/include
 547              		.file 5 "Drivers/STM32F4xx_HAL_Driver/Inc/stm32f4xx_hal_def.h"
 548              		.file 6 "Drivers/STM32F4xx_HAL_Driver/Inc/stm32f4xx_hal_gpio.h"
 549              		.file 7 "Drivers/STM32F4xx_HAL_Driver/Inc/stm32f4xx_hal_dma.h"
 550              		.file 8 "Drivers/STM32F4xx_HAL_Driver/Inc/stm32f4xx_hal_uart.h"
 551              		.file 9 "Core/Inc/usart.h"
 552              		.file 10 "Drivers/STM32F4xx_HAL_Driver/Inc/stm32f4xx_hal_cortex.h"
 553              		.file 11 "Core/Inc/main.h"
ARM GAS  /tmp/ccIf3diZ.s 			page 16


ARM GAS  /tmp/ccIf3diZ.s 			page 17


DEFINED SYMBOLS
                            *ABS*:00000000 usart.c
     /tmp/ccIf3diZ.s:21     .text.MX_USART1_UART_Init:00000000 $t
     /tmp/ccIf3diZ.s:27     .text.MX_USART1_UART_Init:00000000 MX_USART1_UART_Init
     /tmp/ccIf3diZ.s:87     .text.MX_USART1_UART_Init:00000034 $d
     /tmp/ccIf3diZ.s:540    .bss.huart1:00000000 huart1
     /tmp/ccIf3diZ.s:94     .text.MX_USART6_UART_Init:00000000 $t
     /tmp/ccIf3diZ.s:100    .text.MX_USART6_UART_Init:00000000 MX_USART6_UART_Init
     /tmp/ccIf3diZ.s:158    .text.MX_USART6_UART_Init:0000002c $d
     /tmp/ccIf3diZ.s:533    .bss.huart6:00000000 huart6
     /tmp/ccIf3diZ.s:164    .text.HAL_UART_MspInit:00000000 $t
     /tmp/ccIf3diZ.s:170    .text.HAL_UART_MspInit:00000000 HAL_UART_MspInit
     /tmp/ccIf3diZ.s:420    .text.HAL_UART_MspInit:00000108 $d
     /tmp/ccIf3diZ.s:526    .bss.hdma_usart1_rx:00000000 hdma_usart1_rx
     /tmp/ccIf3diZ.s:431    .text.HAL_UART_MspDeInit:00000000 $t
     /tmp/ccIf3diZ.s:437    .text.HAL_UART_MspDeInit:00000000 HAL_UART_MspDeInit
     /tmp/ccIf3diZ.s:514    .text.HAL_UART_MspDeInit:00000054 $d
     /tmp/ccIf3diZ.s:523    .bss.hdma_usart1_rx:00000000 $d
     /tmp/ccIf3diZ.s:530    .bss.huart6:00000000 $d
     /tmp/ccIf3diZ.s:537    .bss.huart1:00000000 $d

UNDEFINED SYMBOLS
HAL_UART_Init
Error_Handler
HAL_GPIO_Init
HAL_DMA_Init
HAL_NVIC_SetPriority
HAL_NVIC_EnableIRQ
HAL_GPIO_DeInit
HAL_DMA_DeInit
HAL_NVIC_DisableIRQ
